[03:14:00] [ServerMain/INFO]: [bootstrap] Running Java 21 (OpenJDK 64-Bit Server VM 21.0.5+11-LTS; Microsoft Microsoft-10376803) on Linux 6.5.0-1025-azure (amd64)
[03:14:00] [ServerMain/INFO]: [bootstrap] Loading Purpur 1.21-2284-ver/1.21@4e55e26 (2024-08-10T17:35:56Z) for Minecraft 1.21
[03:14:00] [ServerMain/INFO]: [PluginInitializerManager] Initializing plugins...
[03:14:00] [ServerMain/INFO]: [PluginInitializerManager] Initialized 0 plugins
[03:14:08] [ServerMain/INFO]: Environment: Environment[sessionHost=https://sessionserver.mojang.com, servicesHost=https://api.minecraftservices.com, name=PROD]
[03:14:08] [ServerMain/INFO]: Found new data pack file/bukkit, loading it automatically
[03:14:08] [ServerMain/INFO]: Found new data pack paper, loading it automatically
[03:14:09] [ServerMain/INFO]: No existing world data, creating new world
[03:14:10] [ServerMain/INFO]: Loaded 1290 recipes
[03:14:10] [ServerMain/INFO]: Loaded 1399 advancements
[03:14:11] [Server thread/INFO]: Starting minecraft server version 1.21
[03:14:11] [Server thread/INFO]: Loading properties
[03:14:11] [Server thread/INFO]: This server is running Purpur version 1.21-2284-ver/1.21@4e55e26 (2024-08-10T17:35:56Z) (Implementing API version 1.21-R0.1-SNAPSHOT)
[03:14:12] [Server thread/INFO]: [spark] This server bundles the spark profiler. For more information please visit https://docs.papermc.io/paper/profiling
[03:14:12] [Server thread/INFO]: Server Ping Player Sample Count: 12
[03:14:12] [Server thread/INFO]: Using 4 threads for Netty based IO
[03:14:13] [Server thread/INFO]: [ChunkTaskScheduler] Chunk system is using 1 I/O threads, 1 worker threads, and population gen parallelism of 1 threads
[03:14:14] [Server thread/INFO]: Default game type: SURVIVAL
[03:14:14] [Server thread/ERROR]: Encountered an unexpected exception
java.net.UnknownHostException: minhnhanlz.name: Name or service not known
	at java.base/java.net.Inet6AddressImpl.lookupAllHostAddr(Native Method) ~[?:?]
	at java.base/java.net.Inet6AddressImpl.lookupAllHostAddr(Inet6AddressImpl.java:52) ~[?:?]
	at java.base/java.net.InetAddress$PlatformResolver.lookupByName(InetAddress.java:1211) ~[?:?]
	at java.base/java.net.InetAddress.getAddressesFromNameService(InetAddress.java:1828) ~[?:?]
	at java.base/java.net.InetAddress$NameServiceAddresses.get(InetAddress.java:1139) ~[?:?]
	at java.base/java.net.InetAddress.getAllByName0(InetAddress.java:1818) ~[?:?]
	at java.base/java.net.InetAddress.getAllByName(InetAddress.java:1688) ~[?:?]
	at java.base/java.net.InetAddress.getByName(InetAddress.java:1568) ~[?:?]
	at net.minecraft.server.dedicated.DedicatedServer.initServer(DedicatedServer.java:277) ~[purpur-1.21.jar:1.21-2284-4e55e26]
	at net.minecraft.server.MinecraftServer.runServer(MinecraftServer.java:1230) ~[purpur-1.21.jar:1.21-2284-4e55e26]
	at net.minecraft.server.MinecraftServer.lambda$spin$0(MinecraftServer.java:333) ~[purpur-1.21.jar:1.21-2284-4e55e26]
	at java.base/java.lang.Thread.run(Thread.java:1583) ~[?:?]
[03:14:14] [Server thread/ERROR]: This crash report has been saved to: /workspaces/minhnhanlz/crash-reports/crash-2025-01-26_03.14.14-server.txt
[03:14:14] [Server thread/INFO]: Stopping server
[03:14:14] [Server thread/INFO]: Saving players
[03:14:15] [Server thread/INFO]: Saving worlds
[03:14:15] [Server thread/INFO]: ThreadedAnvilChunkStorage: All dimensions are saved
